<?xml version="1.0" encoding="UTF-8"?>
<!-- Generated by org.testng.reporters.JUnitXMLReporter -->
<testsuite hostname="zalena" ignored="0" name="Default test(failed)" tests="4" failures="0" timestamp="09 Jan 2019 16:02:43 GMT" time="0.411" errors="0">
  <testcase name="@BeforeMethod setup" time="0.005" classname="com.techfios.qa.testcase.AddNewServiceTest">
    <failure type="java.lang.NullPointerException">
      <![CDATA[java.lang.NullPointerException
at com.base.TestBase.initialization(TestBase.java:41)
at com.techfios.qa.testcase.AddNewServiceTest.setup(AddNewServiceTest.java:32)
... Removed 28 stack frames]]>
    </failure>
  </testcase> <!-- @BeforeMethod setup -->
  <testcase name="@AfterMethod teardown" time="0.0" classname="com.techfios.qa.testcase.AddNewServiceTest">
    <skipped/>
  </testcase> <!-- @AfterMethod teardown -->
  <testcase name="@BeforeMethod setup" time="0.0" classname="com.techfios.qa.testcase.AddNewServiceTest">
    <skipped/>
  </testcase> <!-- @BeforeMethod setup -->
  <testcase name="@AfterMethod teardown" time="0.0" classname="com.techfios.qa.testcase.AddNewServiceTest">
    <skipped/>
  </testcase> <!-- @AfterMethod teardown -->
  <testcase name="@BeforeMethod setup" time="0.0" classname="com.techfios.qa.testcase.AddNewServiceTest">
    <skipped/>
  </testcase> <!-- @BeforeMethod setup -->
  <testcase name="@AfterMethod teardown" time="0.0" classname="com.techfios.qa.testcase.AddNewServiceTest">
    <skipped/>
  </testcase> <!-- @AfterMethod teardown -->
  <testcase name="@BeforeMethod setup" time="0.0" classname="com.techfios.qa.testcase.AddNewServiceTest">
    <skipped/>
  </testcase> <!-- @BeforeMethod setup -->
  <testcase name="@AfterMethod teardown" time="0.0" classname="com.techfios.qa.testcase.AddNewServiceTest">
    <skipped/>
  </testcase> <!-- @AfterMethod teardown -->
  <testcase name="newservice" time="0.0" classname="com.techfios.qa.testcase.AddNewServiceTest">
    <skipped/>
  </testcase> <!-- newservice -->
  <testcase name="newservice" time="0.0" classname="com.techfios.qa.testcase.AddNewServiceTest">
    <skipped/>
  </testcase> <!-- newservice -->
  <testcase name="newservice" time="0.0" classname="com.techfios.qa.testcase.AddNewServiceTest">
    <skipped/>
  </testcase> <!-- newservice -->
  <testcase name="newservice" time="0.0" classname="com.techfios.qa.testcase.AddNewServiceTest">
    <skipped/>
  </testcase> <!-- newservice -->
</testsuite> <!-- Default test(failed) -->
