<?xml version="1.0" encoding="UTF-8"?>
<!-- Generated by org.testng.reporters.JUnitXMLReporter -->
<testsuite hostname="zalena" ignored="0" name="Default test" tests="3" failures="0" timestamp="13 Jan 2019 18:43:15 GMT" time="63.837" errors="0">
  <testcase name="loginPageTitle" time="0.037" classname="com.techfios.qa.testcase.LoginTest"/>
  <testcase name="loginpageOpened" time="0.087" classname="com.techfios.qa.testcase.LoginTest"/>
  <testcase name="filloutloginField" time="7.213" classname="com.techfios.qa.testcase.LoginTest"/>
</testsuite> <!-- Default test -->
